1552027262652	mozrunner::runner	INFO	Running command: "C:\\Program Files\\Mozilla Firefox\\firefox.exe" "-marionette" "-foreground" "-no-remote" "-profile" "C:\\Users\\yan.liu\\AppData\\Local\\Temp\\rust_mozprofile.0sG7Zlc5bUlT"
1552027264384	addons.webextension.screenshots@mozilla.org	WARN	Loading extension 'screenshots@mozilla.org': Reading manifest: Invalid host permission: resource://pdf.js/
1552027264384	addons.webextension.screenshots@mozilla.org	WARN	Loading extension 'screenshots@mozilla.org': Reading manifest: Invalid host permission: about:reader*
1552027269824	Marionette	INFO	Listening on port 62366
1552027270158	Marionette	WARN	TLS certificate errors will be ignored for this session
JavaScript error: https://www.millenniumhotels.com/, line 1: TypeError: b is null
[Child 227[Child 86, Chrome_ChildThread] WARNING: pipe error: 232: file z:/build/build/src/ipc0/16, Chrome_Chilchromium/src/chrome/common/ipc_channel_win.cc, line 493
dThread] WARNING: pipe error:[Child 2276, Chrome_ChildThread] WARNING : pipe error: 109: file z:/build/build/src/ipc/chromium/src1/chrome/common/ipc_channel_win.cc, line 332
09: file [z:/build/build/src/ipc/chromium/src/chrome/common/ipc_channel_win.cc, line 332
[Chi[Parent 15868, Gecko_IOThread] WARNING: pipe error: 109: file z:/build/build/src/ipc/chromium/src/chrome/common/ipc_channel_win.cc, line 332
[Child 16744, Chrome_ChildThread] WARNING: pipe error: 109: file z:/build/build/src/ipc/chromium/src/chrome/common/ipc_channel_win.cc, line 332
[Chil1552027284827	Marionette	INFO	Stopped listening on port 62366
[GP
###!!! [Child][MessageChannel::SendAndWait] Error: Channel error: cannot send/recv

1552027301157	mozrunner::runner	INFO	Running command: "C:\\Program Files\\Mozilla Firefox\\firefox.exe" "-marionette" "-foreground" "-no-remote" "-profile" "C:\\Users\\yan.liu\\AppData\\Local\\Temp\\rust_mozprofile.YJ3PaLAaRjvy"
1552027302431	addons.webextension.screenshots@mozilla.org	WARN	Loading extension 'screenshots@mozilla.org': Reading manifest: Invalid host permission: resource://pdf.js/
1552027302431	addons.webextension.screenshots@mozilla.org	WARN	Loading extension 'screenshots@mozilla.org': Reading manifest: Invalid host permission: about:reader*
1552027305748	Marionette	INFO	Listening on port 64484
1552027306097	Marionette	WARN	TLS certificate errors will be ignored for this session
JavaScript error: https://www.millenniumhotels.com/, line 1: TypeError: b is null
1552027459666	Marionette	INFO	Stopped listening on port 64484
[Parent 7412, Gecko_IOThread] WARNING: pipe error: 109: file z:/build/build/src/ipc/chromium/src/chrome/common/ipc_channel_win.cc, line 332
[Child 8620, Chrome_ChildThread] WARNING: pipe error: 109: file z:/build/build/src/ipc/chromium/src/chrome/common/ipc_channel_win.cc, line 332
[Ch[Parent 7412, Gecko_IOThread] WARNING: pipe error: 109: file z:/build/build/src/ipc/chromium/src/chrome/common/ipc_channel_win.cc, line 332
[Child 16136, Chrome_ChildThread] WARNING: pipe error: 109: file z:/build/build/src/ipc/chromium/src/chrome/common/ipc_channel_win.cc, line 332
[Child 1613[Child 8516, Chrome_ChildThread] WARNING: pipe error: 109: file z:/build/build/src/ipc/chromium/src/chrome/common/ipc_channel_win.cc, line 332
[Ch[
###!!! [Child][MessageChannel::SendAndWait] Error: Channel error: cannot send/recv

1552027488843	mozrunner::runner	INFO	Running command: "C:\\Program Files\\Mozilla Firefox\\firefox.exe" "-marionette" "-foreground" "-no-remote" "-profile" "C:\\Users\\yan.liu\\AppData\\Local\\Temp\\rust_mozprofile.SMqNL4H5oFns"
1552027490126	addons.webextension.screenshots@mozilla.org	WARN	Loading extension 'screenshots@mozilla.org': Reading manifest: Invalid host permission: resource://pdf.js/
1552027490126	addons.webextension.screenshots@mozilla.org	WARN	Loading extension 'screenshots@mozilla.org': Reading manifest: Invalid host permission: about:reader*
1552027493440	Marionette	INFO	Listening on port 64902
1552027493782	Marionette	WARN	TLS certificate errors will be ignored for this session
JavaScript error: https://www.millenniumhotels.com/, line 1: TypeError: b is null
JavaScript error: https://www.millenniumhotels.com/, line 1: TypeError: b is null
JavaScript error: https://www.millenniumhotels.com/, line 1: TypeError: b is null
console.error: BroadcastService: 
  receivedBroadcastMessage: handler for
  remote-settings/monitor_changes
  threw error:
  Message: Error: Polling for changes failed: NetworkError when attempting to fetch resource..
  Stack:
    remoteSettingsFunction/remoteSettings.pollChanges@resource://services-settings/remote-settings.js:188:13

[Parent 8904, Gecko_IOThread] WARNING: pipe error: 109: file z:/build/build/src/ipc/chromium/src/chrome/common/ipc_channel_win.cc, line 332
[Child 12292, Chrome_ChildT[Child 248hread] WARNING: pipe error: 109: file , Chrome_ChildThrzead] WARNING: pipe error:/build/build/src/ipc/chromium/src/chrome/common/ipc_channel_win.cc, line 332
: 109: file z:/build/build/src/ipc/chromium/src/chrome/common/ipc_channel_win.cc, line 332
[Chi[Parent 8904, Gecko_IOThread] WARNING: pipe error: 109: file z:/build/build/src/ipc/chromium/src/chrome/common/ipc_channel_win.cc, line 332
[Child 11040, Chrome_ChildThread] WARNING: pipe error: 109: file z:/build/build/src/ipc/chromium/src/chrome/common/ipc_channel_win.cc, line 332
[Ch1552027619123	Marionette	INFO	Stopped listening on port 64902
[GP
###!!! [Child][MessageChannel::SendAndWait] Error: Channel error: cannot send/recv

1552030205844	mozrunner::runner	INFO	Running command: "C:\\Program Files\\Mozilla Firefox\\firefox.exe" "-marionette" "-foreground" "-no-remote" "-profile" "C:\\Users\\yan.liu\\AppData\\Local\\Temp\\rust_mozprofile.4TOSEYygtVJ9"
1552030207115	addons.webextension.screenshots@mozilla.org	WARN	Loading extension 'screenshots@mozilla.org': Reading manifest: Invalid host permission: resource://pdf.js/
1552030207115	addons.webextension.screenshots@mozilla.org	WARN	Loading extension 'screenshots@mozilla.org': Reading manifest: Invalid host permission: about:reader*
1552030210452	Marionette	INFO	Listening on port 52669
1552030210789	Marionette	WARN	TLS certificate errors will be ignored for this session
console.error: BroadcastService: 
  receivedBroadcastMessage: handler for
  remote-settings/monitor_changes
  threw error:
  Message: Error: Polling for changes failed: NetworkError when attempting to fetch resource..
  Stack:
    remoteSettingsFunction/remoteSettings.pollChanges@resource://services-settings/remote-settings.js:188:13

[Child 16536, Chrome_ChildThread] WARNING: pipe error: 109[: file z:/build/build/src/ipc/Pcahrreonmium/src/cht 2192, Gecko_IOrThread] oWme/common/ipc_channel_win.cc, line 332
[Child 1ARNING: pipe error: 109: file z:/build/build/src/ipc/chromium/src/chrome/common/ipc_channel_win.cc, line 332

###!!! [Parent][MessageChannel] Error: (msgtype=0x1E0097,name=PBrowser::Msg_UpdateNativeWindowHandle) Closed channel: cannot send/recv


###!!! [Parent][MessageChannel] Error: (msgtype=0x1E0086,name=PBrowser::Msg_Destroy) Closed channel: cannot send/recv

[Child 8408, Chrome_ChildThread] WARNING: pipe error: 109: file z:/build/build/src/ipc/chromium/src/chrome/common/ipc_channel_win.cc, line 332
[Child 8408, Chrome_ChildThread] WARNING: pipe error: 109: file z:/bui
###!!! [Child][MessageChannel] Error: (msgtype=0x1E0001,name=PBrowser::Msg_AsyncMessage) Closed channel: cannot send/recv

ld/build/src/ipc/chromium/src/chrome/common/ipc_channel_win.cc, line 332
JavaScript error: resource:///actors/AboutReaderChild.jsm, line 80: NS_[Parent 2192, Gecko_IOThread] WARNING: pipe errorE:R R1O0R9_:UNEXPECTED:  
file z:/build/build/src/ipc/chromium/src/chrome/common/ipc_channel_win.cc, line 332
[Child 10944, Chrome_ChildThread] WARNING: pipe error: 109: file z:/build/bui
###!!! [Child][MessageChannel] Error: (msgtype=0x1E002C,name=PBrowser::Msg_SetInputContext) Closed channel: cannot send/recv

ld/src/ipc/chromium/src/chrome/common/ipc_channel_win.cc, line 332
[Child 1
###!!! [Child][MessageChannel] Error: (msgtype=0x350110,name=PContent::Msg_DetachBrowsingContext) Closed channel: cannot send/recv

yan.liu\\AppData\\Local\\Temp\\rust_mozprofile.pTIH1vjdjwgG"
1552030600775	addons.webextension.screenshots@mozilla.org	WARN	Loading extension 'screenshots@mozilla.org': Reading manifest: Invalid host permission: resource://pdf.js/
1552030600775	addons.webextension.screenshots@mozilla.org	WARN	Loading extension 'screenshots@mozilla.org': Reading manifest: Invalid host permission: about:reader*
1552030604078	Marionette	INFO	Listening on port 53318
1552030604434	Marionette	WARN	TLS certificate errors will be ignored for this session
console.error: BroadcastService: 
  receivedBroadcastMessage: handler for
  remote-settings/monitor_changes
  threw error:
  Message: Error: Polling for changes failed: NetworkError when attempting to fetch resource..
  Stack:
    remoteSettingsFunction/remoteSettings.pollChanges@resource://services-settings/remote-settings.js:188:13

JavaScript error: https://www.millenniumhotels.com/, line 1: TypeError: b is null
[Parent 1064, Gecko_IOThread] WARNING: pipe error: 109: file z:/build/build/src/ipc/chromium/src/chrome/common/ipc_channel_win.cc, line 332
[Parent 1064, Gecko_IOThread] WARNING: pipe error: 109: file z:/build/build/src/ipc/chromium/src/chrome/common/ipc_channel_win.cc, line 332
[Child 9600, Chrome_ChildThread] WARNING: pipe error: 109: file z:/build/build/src/ipc/chromium/src/chrome/common/ipc_channel_win.cc, line 332
[Chi[Parent 1064, Gecko_IOThread] WARNING: pipe error: 109: file z:/build/build/src/ipc/chromium/src/chrome/common/ipc_channel_win.cc, line 332
[Child 8824, Chrome_ChildThread] WARNING: pipe error: 109: file z:/build/build/src/ipc/chromium/src/chrome/common/ipc_channel_win.cc, line 332
[C1552031194963	Marionette	INFO	Stopped listening on port 53318

###!!! [Child][MessageChannel::SendAndWait] Error: Channel error: cannot send/recv

